<?xml version="1.0" encoding="UTF-8"?>
<testng-results ignored="0" total="1" passed="1" failed="0" skipped="0">
  <reporter-output>
  </reporter-output>
  <suite started-at="2022-12-07T05:47:42Z" name="Surefire suite" finished-at="2022-12-07T05:48:29Z" duration-ms="47442">
    <groups>
    </groups>
    <test started-at="2022-12-07T05:47:42Z" name="Surefire test" finished-at="2022-12-07T05:48:29Z" duration-ms="47442">
      <class name="com.org.sampledemo.TestWSTest">
        <test-method signature="Loading()[pri:0, instance:com.org.sampledemo.TestWSTest@7714e963]" started-at="2022-12-07T05:47:42Z" name="Loading" finished-at="2022-12-07T05:48:29Z" duration-ms="47419" status="PASS">
          <reporter-output>
          </reporter-output>
        </test-method> <!-- Loading -->
      </class> <!-- com.org.sampledemo.TestWSTest -->
    </test> <!-- Surefire test -->
  </suite> <!-- Surefire suite -->
</testng-results>
